=== VisionAI-ClipsMaster 优化前状态基线 ===
执行时间: 07/16/2025 16:10:40

总项目体积:

Size(MB) Count
-------- -----
 5132.95  6106


主要目录占用空间:
src/: 21.13 MB
configs/: 0.35 MB
models/: 255.75 MB
data/: 108 MB
tests/: 522.79 MB
docs/: 0.82 MB
logs/: 52.52 MB
cache/: 0.02 MB
temp/: 0 MB
ui/: 1.54 MB
examples/: 100.63 MB

核心功能验证基准:
Traceback (most recent call last):
  File "<string>", line 4, in <module>
UnicodeEncodeError: 'gbk' codec can't encode character '\u2705' in position 0: illegal multibyte sequence

During handling of the above exception, another exception occurred:

Traceback (most recent call last):
  File "<string>", line 6, in <module>
UnicodeEncodeError: 'gbk' codec can't encode character '\u274c' in position 0: illegal multibyte sequence
核心功能验证基准:
Traceback (most recent call last):
  File "<string>", line 1, in <module>
UnicodeEncodeError: 'gbk' codec can't encode character '\u2705' in position 0: illegal multibyte sequence
基准测试: 核心模块导入功能待优化后验证
=== 优化后项目状态 ===
执行时间: 07/16/2025 16:34:57

优化后总项目体积:

Size(MB) Count
-------- -----
 1591.25  4586

=== 核心功能验证 ===
Traceback (most recent call last):
  File "<string>", line 8, in <module>
UnicodeEncodeError: 'gbk' codec can't encode character '\u2705' in position 0: illegal multibyte sequence

During handling of the above exception, another exception occurred:

Traceback (most recent call last):
  File "<string>", line 10, in <module>
UnicodeEncodeError: 'gbk' codec can't encode character '\u274c' in position 0: illegal multibyte sequence
